#
# A fatal error has been detected by the Java Runtime Environment:
#
#  EXCEPTION_ACCESS_VIOLATION (0xc0000005) at pc=0x00000000520054b7, pid=12168, tid=0x00000000000014c0
#
# JRE version: OpenJDK Runtime Environment (8.0_152-b01) (build 1.8.0_152-release-1343-b01)
# Java VM: OpenJDK 64-Bit Server VM (25.152-b01 mixed mode windows-amd64 compressed oops)
# Problematic frame:
# V  [jvm.dll+0x1054b7]
#
# Failed to write core dump. Minidumps are not enabled by default on client versions of Windows
#
# If you would like to submit a bug report, please visit:
#   http://bugreport.java.com/bugreport/crash.jsp
#

---------------  T H R E A D  ---------------

Current thread (0x0000000019be5800):  JavaThread "Daemon worker" [_thread_in_vm, id=5312, stack(0x000000001b650000,0x000000001b750000)]

siginfo: ExceptionCode=0xc0000005, reading address 0x00000000010022d8

Registers:
RAX=0x000000001bbfabb9, RBX=0x000000001bbfae01, RCX=0x000000001bbfae18, RDX=0x0000000000000601
RSP=0x000000001b748a38, RBP=0x0000000000000000, RSI=0x00000000160cb400, RDI=0x00000000160cb4a0
R8 =0x000000000100223c, R9 =0x00000000000003d8, R10=0x000000001bbface8, R11=0x000000001b748b20
R12=0x00000000160cb4b0, R13=0x00000000196e6440, R14=0x0000000100223c00, R15=0x000000001b748bb0
RIP=0x00000000520054b7, EFLAGS=0x0000000000010206

Top of Stack: (sp=0x000000001b748a38)
0x000000001b748a38:   0000000052003189 000000001bbfae01
0x000000001b748a48:   0000000051fa0520 000000001b748b60
0x000000001b748a58:   00000000191ea160 00000000191ea160
0x000000001b748a68:   000000002195daa8 0000000019be5800
0x000000001b748a78:   0000000051fa8c01 0000000000000000
0x000000001b748a88:   00000000160cb4d0 00000000160cb888
0x000000001b748a98:   00000000000003d8 0000000000000000
0x000000001b748aa8:   00000000025f9650 00000000160cb4a0
0x000000001b748ab8:   0000000019be5800 0000000000000028
0x000000001b748ac8:   0000000019be5800 0000000019be5800
0x000000001b748ad8:   0000000019c36d90 0000000100000ea8
0x000000001b748ae8:   0000000051f15741 0000000019e074e0
0x000000001b748af8:   00000000160cb4b0 0000000100000ea8
0x000000001b748b08:   0000000051fdea88 0000000100000ea8
0x000000001b748b18:   00000000160cb4b0 0000000019be5800
0x000000001b748b28:   0000000000000003 0000000000000005 

Instructions: (pc=0x00000000520054b7)
0x0000000052005497:   cc cc cc cc cc cc cc cc cc 48 8b 41 08 f6 40 1c
0x00000000520054a7:   40 75 40 48 8b 40 08 4c 8b 40 18 4d 85 c0 74 18
0x00000000520054b7:   41 8b 80 9c 00 00 00 c1 e8 09 a8 01 74 0a 8b 41
0x00000000520054c7:   20 c1 e8 0a a8 01 74 1b 8b 41 20 c1 e8 04 a8 01 


Register to memory mapping:

RAX=0x000000001bbfabb9 is pointing into metadata
RBX=0x000000001bbfae01 is pointing into metadata
RCX={method} {0x000000001bbfae20} '
[error occurred during error reporting (printing register info), id 0xc0000005]

Stack: [0x000000001b650000,0x000000001b750000],  sp=0x000000001b748a38,  free space=994k
Native frames: (J=compiled Java code, j=interpreted, Vv=VM code, C=native code)

Java frames: (J=compiled Java code, j=interpreted, Vv=VM code)
j  org.gradle.internal.resource.cached.DefaultCachedExternalResourceIndex.createEntry(Ljava/io/File;Lorg/gradle/internal/resource/metadata/ExternalResourceMetaData;)Lorg/gradle/internal/resource/cached/DefaultCachedExternalResource;+0
j  org.gradle.internal.resource.cached.DefaultCachedExternalResourceIndex.store(Ljava/io/Serializable;Ljava/io/File;Lorg/gradle/internal/resource/metadata/ExternalResourceMetaData;)V+15
j  org.gradle.internal.resource.cached.DefaultCachedExternalResourceIndex.store(Ljava/lang/Object;Ljava/io/File;Lorg/gradle/internal/resource/metadata/ExternalResourceMetaData;)V+7
j  org.gradle.internal.resource.transfer.DefaultCacheAwareExternalResourceAccessor$3.create()Lorg/gradle/internal/resource/local/LocallyAvailableExternalResource;+40
j  org.gradle.internal.resource.transfer.DefaultCacheAwareExternalResourceAccessor$3.create()Ljava/lang/Object;+1
j  org.gradle.cache.internal.DefaultCacheAccess.useCache(Lorg/gradle/internal/Factory;)Ljava/lang/Object;+58
j  org.gradle.cache.internal.DefaultPersistentDirectoryStore.useCache(Lorg/gradle/internal/Factory;)Ljava/lang/Object;+5
j  org.gradle.cache.internal.DefaultCacheFactory$ReferenceTrackingCache.useCache(Lorg/gradle/internal/Factory;)Ljava/lang/Object;+8
j  org.gradle.api.internal.artifacts.ivyservice.DefaultArtifactCacheLockingManager.useCache(Lorg/gradle/internal/Factory;)Ljava/lang/Object;+5
j  org.gradle.internal.resource.transfer.DefaultCacheAwareExternalResourceAccessor.moveIntoCache(Lorg/gradle/internal/resource/ExternalResourceName;Ljava/io/File;Lorg/gradle/internal/resource/transfer/CacheAwareExternalResourceAccessor$ResourceFileStore;Lorg/gradle/internal/resource/metadata/ExternalResourceMetaData;)Lorg/gradle/internal/resource/local/LocallyAvailableExternalResource;+17
j  org.gradle.internal.resource.transfer.DefaultCacheAwareExternalResourceAccessor.copyToCache(Lorg/gradle/internal/resource/ExternalResourceName;Lorg/gradle/internal/resource/transfer/CacheAwareExternalResourceAccessor$ResourceFileStore;Lorg/gradle/internal/resource/ExternalResource;)Lorg/gradle/internal/resource/local/LocallyAvailableExternalResource;+58
j  org.gradle.internal.resource.transfer.DefaultCacheAwareExternalResourceAccessor.access$300(Lorg/gradle/internal/resource/transfer/DefaultCacheAwareExternalResourceAccessor;Lorg/gradle/internal/resource/ExternalResourceName;Lorg/gradle/internal/resource/transfer/CacheAwareExternalResourceAccessor$ResourceFileStore;Lorg/gradle/internal/resource/ExternalResource;)Lorg/gradle/internal/resource/local/LocallyAvailableExternalResource;+4
j  org.gradle.internal.resource.transfer.DefaultCacheAwareExternalResourceAccessor$1.get()Lorg/gradle/internal/resource/local/LocallyAvailableExternalResource;+90
j  org.gradle.internal.resource.transfer.DefaultCacheAwareExternalResourceAccessor$1.get()Ljava/lang/Object;+1
j  org.gradle.cache.internal.ProducerGuard$AdaptiveProducerGuard.guardByKey(Ljava/lang/Object;Ljava/util/function/Supplier;)Ljava/lang/Object;+51
j  org.gradle.internal.resource.transfer.DefaultCacheAwareExternalResourceAccessor.getResource(Lorg/gradle/internal/resource/ExternalResourceName;Ljava/lang/String;Lorg/gradle/internal/resource/transfer/CacheAwareExternalResourceAccessor$ResourceFileStore;Lorg/gradle/internal/resource/local/LocallyAvailableResourceCandidates;)Lorg/gradle/internal/resource/local/LocallyAvailableExternalResource;+17
j  org.gradle.api.internal.artifacts.repositories.resolver.DefaultExternalResourceArtifactResolver.downloadByCoords(Ljava/util/List;Lorg/gradle/internal/component/external/model/ModuleComponentArtifactMetadata;Lorg/gradle/internal/resolve/result/ResourceAwareResolveResult;)Lorg/gradle/internal/resource/local/LocallyAvailableExternalResource;+99
j  org.gradle.api.internal.artifacts.repositories.resolver.DefaultExternalResourceArtifactResolver.downloadStaticResource(Ljava/util/List;Lorg/gradle/internal/component/external/model/ModuleComponentArtifactMetadata;Lorg/gradle/internal/resolve/result/ResourceAwareResolveResult;)Lorg/gradle/internal/resource/local/LocallyAvailableExternalResource;+26
j  org.gradle.api.internal.artifacts.repositories.resolver.DefaultExternalResourceArtifactResolver.resolveArtifact(Lorg/gradle/internal/component/external/model/ModuleComponentArtifactMetadata;Lorg/gradle/internal/resolve/result/ResourceAwareResolveResult;)Lorg/gradle/internal/resource/local/LocallyAvailableExternalResource;+14
j  org.gradle.api.internal.artifacts.repositories.metadata.AbstractRepositoryMetadataSource.parseMetaDataFromArtifact(Ljava/lang/String;Lorg/gradle/api/internal/artifacts/ivyservice/ivyresolve/ComponentResolvers;Lorg/gradle/api/artifacts/component/ModuleComponentIdentifier;Lorg/gradle/api/internal/artifacts/repositories/resolver/ExternalResourceArtifactResolver;Lorg/gradle/internal/resolve/result/ResourceAwareResolveResult;)Lorg/gradle/internal/component/external/model/MutableModuleComponentResolveMetadata;+13
j  org.gradle.api.internal.artifacts.repositories.metadata.AbstractRepositoryMetadataSource.create(Ljava/lang/String;Lorg/gradle/api/internal/artifacts/ivyservice/ivyresolve/ComponentResolvers;Lorg/gradle/api/artifacts/component/ModuleComponentIdentifier;Lorg/gradle/internal/component/model/ComponentOverrideMetadata;Lorg/gradle/api/internal/artifacts/repositories/resolver/ExternalResourceArtifactResolver;Lorg/gradle/internal/resolve/result/BuildableModuleComponentMetaDataResolveResult;)Lorg/gradle/internal/component/external/model/MutableModuleComponentResolveMetadata;+8
j  org.gradle.api.internal.artifacts.repositories.metadata.DefaultMavenPomMetadataSource.create(Ljava/lang/String;Lorg/gradle/api/internal/artifacts/ivyservice/ivyresolve/ComponentResolvers;Lorg/gradle/api/artifacts/component/ModuleComponentIdentifier;Lorg/gradle/internal/component/model/ComponentOverrideMetadata;Lorg/gradle/api/internal/artifacts/repositories/resolver/ExternalResourceArtifactResolver;Lorg/gradle/internal/resolve/result/BuildableModuleComponentMetaDataResolveResult;)Lorg/gradle/internal/component/external/model/MutableModuleComponentResolveMetadata;+10
j  org.gradle.api.internal.artifacts.repositories.metadata.RedirectingGradleMetadataModuleMetadataSource.create(Ljava/lang/String;Lorg/gradle/api/internal/artifacts/ivyservice/ivyresolve/ComponentResolvers;Lorg/gradle/api/artifacts/component/ModuleComponentIdentifier;Lorg/gradle/internal/component/model/ComponentOverrideMetadata;Lorg/gradle/api/internal/artifacts/repositories/resolver/ExternalResourceArtifactResolver;Lorg/gradle/internal/resolve/result/BuildableModuleComponentMetaDataResolveResult;)Lorg/gradle/internal/component/external/model/MutableModuleComponentResolveMetadata;+13
j  org.gradle.api.internal.artifacts.repositories.resolver.ExternalResourceResolver.resolveStaticDependency(Lorg/gradle/api/artifacts/component/ModuleComponentIdentifier;Lorg/gradle/internal/component/model/ComponentOverrideMetadata;Lorg/gradle/internal/resolve/result/BuildableModuleComponentMetaDataResolveResult;Lorg/gradle/api/internal/artifacts/repositories/resolver/ExternalResourceArtifactResolver;)V+51
j  org.gradle.api.internal.artifacts.repositories.resolver.MavenResolver.doResolveComponentMetaData(Lorg/gradle/api/artifacts/component/ModuleComponentIdentifier;Lorg/gradle/internal/component/model/ComponentOverrideMetadata;Lorg/gradle/internal/resolve/result/BuildableModuleComponentMetaDataResolveResult;)V+83
j  org.gradle.api.internal.artifacts.repositories.resolver.ExternalResourceResolver$RemoteRepositoryAccess.resolveComponentMetaData(Lorg/gradle/api/artifacts/component/ModuleComponentIdentifier;Lorg/gradle/internal/component/model/ComponentOverrideMetadata;Lorg/gradle/internal/resolve/result/BuildableModuleComponentMetaDataResolveResult;)V+7
j  org.gradle.api.internal.artifacts.ivyservice.ivyresolve.CachingModuleComponentRepository$ResolveAndCacheRepositoryAccess.resolveComponentMetaData(Lorg/gradle/api/artifacts/component/ModuleComponentIdentifier;Lorg/gradle/internal/component/model/ComponentOverrideMetadata;Lorg/gradle/internal/resolve/result/BuildableModuleComponentMetaDataResolveResult;)V+24
j  org.gradle.api.internal.artifacts.ivyservice.ivyresolve.ErrorHandlingModuleComponentRepository$ErrorHandlingModuleComponentRepositoryAccess.lambda$resolveComponentMetaData$5(Lorg/gradle/api/artifacts/component/ModuleComponentIdentifier;Lorg/gradle/internal/component/model/ComponentOverrideMetadata;Lorg/gradle/internal/resolve/result/BuildableModuleComponentMetaDataResolveResult;)V+7
j  org.gradle.api.internal.artifacts.ivyservice.ivyresolve.ErrorHandlingModuleComponentRepository$ErrorHandlingModuleComponentRepositoryAccess$$Lambda$34.run()V+16
j  org.gradle.api.internal.artifacts.ivyservice.ivyresolve.ErrorHandlingModuleComponentRepository$ErrorHandlingModuleComponentRepositoryAccess.lambda$tryResolveAndMaybeBlacklist$18(Ljava/lang/Runnable;)Ljava/lang/Throwable;+1
j  org.gradle.api.internal.artifacts.ivyservice.ivyresolve.ErrorHandlingModuleComponentRepository$ErrorHandlingModuleComponentRepositoryAccess$$Lambda$37.call()Ljava/lang/Object;+4
j  org.gradle.api.internal.artifacts.ivyservice.ivyresolve.ErrorHandlingModuleComponentRepository$ErrorHandlingModuleComponentRepositoryAccess.tryResolveAndMaybeBlacklist(Lorg/gradle/internal/resolve/result/ErroringResolveResult;Ljava/util/concurrent/Callable;Lorg/gradle/api/Transformer;)V+25
j  org.gradle.api.internal.artifacts.ivyservice.ivyresolve.ErrorHandlingModuleComponentRepository$ErrorHandlingModuleComponentRepositoryAccess.tryResolveAndMaybeBlacklist(Lorg/gradle/internal/resolve/result/ErroringResolveResult;Ljava/lang/Runnable;Lorg/gradle/internal/Factory;Lorg/gradle/api/Transformer;)V+10
j  org.gradle.api.internal.artifacts.ivyservice.ivyresolve.ErrorHandlingModuleComponentRepository$ErrorHandlingModuleComponentRepositoryAccess.performOperationWithRetries(Lorg/gradle/internal/resolve/result/ErroringResolveResult;Ljava/lang/Runnable;Lorg/gradle/internal/Factory;Lorg/gradle/api/Transformer;)V+38
j  org.gradle.api.internal.artifacts.ivyservice.ivyresolve.ErrorHandlingModuleComponentRepository$ErrorHandlingModuleComponentRepositoryAccess.resolveComponentMetaData(Lorg/gradle/api/artifacts/component/ModuleComponentIdentifier;Lorg/gradle/internal/component/model/ComponentOverrideMetadata;Lorg/gradle/internal/resolve/result/BuildableModuleComponentMetaDataResolveResult;)V+23
j  org.gradle.api.internal.artifacts.ivyservice.ivyresolve.ComponentMetaDataResolveState.process(Lorg/gradle/api/internal/artifacts/ivyservice/ivyresolve/ModuleComponentRepositoryAccess;)V+13
j  org.gradle.api.internal.artifacts.ivyservice.ivyresolve.ComponentMetaDataResolveState.resolve()Lorg/gradle/internal/resolve/result/BuildableModuleComponentMetaDataResolveResult;+77
j  org.gradle.api.internal.artifacts.ivyservice.ivyresolve.RepositoryChainComponentMetaDataResolver.findBestMatch(Ljava/util/LinkedList;Ljava/util/Collection;Ljava/util/Collection;)Lorg/gradle/api/internal/artifacts/ivyservice/ivyresolve/RepositoryChainModuleResolution;+21
j  org.gradle.api.internal.artifacts.ivyservice.ivyresolve.RepositoryChainComponentMetaDataResolver.findBestMatch(Ljava/util/List;Ljava/util/Collection;)Lorg/gradle/api/internal/artifacts/ivyservice/ivyresolve/RepositoryChainModuleResolution;+28
j  org.gradle.api.internal.artifacts.ivyservice.ivyresolve.RepositoryChainComponentMetaDataResolver.resolveModule(Lorg/gradle/api/artifacts/component/ModuleComponentIdentifier;Lorg/gradle/internal/component/model/ComponentOverrideMetadata;Lorg/gradle/internal/resolve/result/BuildableComponentResolveResult;)V+97
j  org.gradle.api.internal.artifacts.ivyservice.ivyresolve.RepositoryChainComponentMetaDataResolver.resolve(Lorg/gradle/api/artifacts/component/ComponentIdentifier;Lorg/gradle/internal/component/model/ComponentOverrideMetadata;Lorg/gradle/internal/resolve/result/BuildableComponentResolveResult;)V+24
j  org.gradle.api.internal.artifacts.ivyservice.resolveengine.ComponentResolversChain$ComponentMetaDataResolverChain.resolve(Lorg/gradle/api/artifacts/component/ComponentIdentifier;Lorg/gradle/internal/component/model/ComponentOverrideMetadata;Lorg/gradle/internal/resolve/result/BuildableComponentResolveResult;)V+48
j  org.gradle.api.internal.artifacts.ivyservice.clientmodule.ClientModuleResolver.resolve(Lorg/gradle/api/artifacts/component/ComponentIdentifier;Lorg/gradle/internal/component/model/ComponentOverrideMetadata;Lorg/gradle/internal/resolve/result/BuildableComponentResolveResult;)V+7
j  org.gradle.api.internal.artifacts.ivyservice.resolveengine.graph.builder.ComponentState.resolve()V+88
j  org.gradle.api.internal.artifacts.ivyservice.resolveengine.graph.builder.ComponentState.getMetadata()Lorg/gradle/internal/component/model/ComponentResolveMetadata;+1
j  org.gradle.api.internal.artifacts.ivyservice.resolveengine.graph.builder.EdgeState.calculateTargetConfigurations(Lorg/gradle/api/internal/artifacts/ivyservice/resolveengine/graph/builder/ComponentState;)V+1
j  org.gradle.api.internal.artifacts.ivyservice.resolveengine.graph.builder.EdgeState.attachToTargetConfigurations()V+59
j  org.gradle.api.internal.artifacts.ivyservice.resolveengine.graph.builder.DependencyGraphBuilder.attachToTargetRevisionsSerially(Ljava/util/List;)V+27
j  org.gradle.api.internal.artifacts.ivyservice.resolveengine.graph.builder.DependencyGraphBuilder.resolveEdges(Lorg/gradle/api/internal/artifacts/ivyservice/resolveengine/graph/builder/NodeState;Ljava/util/List;Lorg/gradle/api/internal/artifacts/ivyservice/resolveengine/graph/builder/ResolveState;Ljava/util/Map;)V+26
j  org.gradle.api.internal.artifacts.ivyservice.resolveengine.graph.builder.DependencyGraphBuilder.traverseGraph(Lorg/gradle/api/internal/artifacts/ivyservice/resolveengine/graph/builder/ResolveState;Ljava/util/Map;)V+93
j  org.gradle.api.internal.artifacts.ivyservice.resolveengine.graph.builder.DependencyGraphBuilder.resolve(Lorg/gradle/api/internal/artifacts/ResolveContext;Lorg/gradle/api/internal/artifacts/ivyservice/resolveengine/graph/DependencyGraphVisitor;)V+122
j  org.gradle.api.internal.artifacts.ivyservice.resolveengine.DefaultArtifactDependencyResolver.resolve(Lorg/gradle/api/internal/artifacts/ResolveContext;Ljava/util/List;Lorg/gradle/api/internal/artifacts/GlobalDependencyResolutionRules;Lorg/gradle/api/specs/Spec;Lorg/gradle/api/internal/artifacts/ivyservice/resolveengine/graph/DependencyGraphVisitor;Lorg/gradle/api/internal/artifacts/ivyservice/resolveengine/artifact/DependencyArtifactsVisitor;Lorg/gradle/api/internal/attributes/AttributesSchemaInternal;Lorg/gradle/api/internal/artifacts/type/ArtifactTypeRegistry;)V+91
j  org.gradle.api.internal.artifacts.ivyservice.DefaultConfigurationResolver.resolveGraph(Lorg/gradle/api/internal/artifacts/configurations/ConfigurationInternal;Lorg/gradle/api/internal/artifacts/ResolverResults;)V+375
j  org.gradle.api.internal.artifacts.ivyservice.ShortCircuitEmptyConfigurationResolver.resolveGraph(Lorg/gradle/api/internal/artifacts/configurations/ConfigurationInternal;Lorg/gradle/api/internal/artifacts/ResolverResults;)V+30
j  org.gradle.api.internal.artifacts.ivyservice.ErrorHandlingConfigurationResolver.resolveGraph(Lorg/gradle/api/internal/artifacts/configurations/ConfigurationInternal;Lorg/gradle/api/internal/artifacts/ResolverResults;)V+6
j  org.gradle.api.internal.artifacts.configurations.DefaultConfiguration$7.run(Lorg/gradle/internal/operations/BuildOperationContext;)V+66
j  org.gradle.internal.operations.DefaultBuildOperationExecutor$RunnableBuildOperationWorker.execute(Lorg/gradle/internal/operations/RunnableBuildOperation;Lorg/gradle/internal/operations/BuildOperationContext;)V+2
j  org.gradle.internal.operations.DefaultBuildOperationExecutor$RunnableBuildOperationWorker.execute(Lorg/gradle/internal/operations/BuildOperation;Lorg/gradle/internal/operations/BuildOperationContext;)V+6
j  org.gradle.internal.operations.DefaultBuildOperationExecutor$1.execute(Lorg/gradle/internal/operations/BuildOperationDescriptor;Lorg/gradle/internal/operations/DefaultBuildOperationExecutor$DefaultBuildOperationContext;Lorg/gradle/internal/operations/DefaultBuildOperationExecutor$BuildOperationExecutionListener;)Lorg/gradle/internal/operations/BuildOperation;+18
j  org.gradle.internal.operations.DefaultBuildOperationExecutor.execute(Lorg/gradle/internal/operations/BuildOperationDescriptor$Builder;Lorg/gradle/internal/operations/DefaultBuildOperationExecutor$BuildOperationState;Lorg/gradle/internal/operations/DefaultBuildOperationExecutor$BuildOperationExecution;)Lorg/gradle/internal/operations/BuildOperation;+105
j  org.gradle.internal.operations.DefaultBuildOperationExecutor.execute(Lorg/gradle/internal/operations/BuildOperation;Lorg/gradle/internal/operations/BuildOperationWorker;Lorg/gradle/internal/operations/DefaultBuildOperationExecutor$BuildOperationState;)V+22
j  org.gradle.internal.operations.DefaultBuildOperationExecutor.run(Lorg/gradle/internal/operations/RunnableBuildOperation;)V+10
j  org.gradle.internal.operations.DelegatingBuildOperationExecutor.run(Lorg/gradle/internal/operations/RunnableBuildOperation;)V+5
j  org.gradle.api.internal.artifacts.configurations.DefaultConfiguration.resolveGraphIfRequired(Lorg/gradle/api/internal/artifacts/configurations/ConfigurationInternal$InternalState;)V+65
j  org.gradle.api.internal.artifacts.configurations.DefaultConfiguration.access$600(Lorg/gradle/api/internal/artifacts/configurations/DefaultConfiguration;Lorg/gradle/api/internal/artifacts/configurations/ConfigurationInternal$InternalState;)V+2
j  org.gradle.api.internal.artifacts.configurations.DefaultConfiguration$6.run()V+28
j  org.gradle.api.internal.project.DefaultProjectStateRegistry$SafeExclusiveLockImpl.withLock(Ljava/lang/Runnable;)V+11
j  org.gradle.api.internal.artifacts.configurations.DefaultConfiguration.resolveExclusively(Lorg/gradle/api/internal/artifacts/configurations/ConfigurationInternal$InternalState;)V+13
j  org.gradle.api.internal.artifacts.configurations.DefaultConfiguration.resolveToStateOrLater(Lorg/gradle/api/internal/artifacts/configurations/ConfigurationInternal$InternalState;)V+87
j  org.gradle.api.internal.artifacts.configurations.DefaultConfiguration.access$2300(Lorg/gradle/api/internal/artifacts/configurations/DefaultConfiguration;Lorg/gradle/api/internal/artifacts/configurations/ConfigurationInternal$InternalState;)V+2
j  org.gradle.api.internal.artifacts.configurations.DefaultConfiguration$ConfigurationFileCollection.getSelectedArtifacts()Lorg/gradle/api/internal/artifacts/ivyservice/resolveengine/artifact/SelectedArtifactSet;+14
j  org.gradle.api.internal.artifacts.configurations.DefaultConfiguration$ConfigurationFileCollection.access$3600(Lorg/gradle/api/internal/artifacts/configurations/DefaultConfiguration$ConfigurationFileCollection;)Lorg/gradle/api/internal/artifacts/ivyservice/resolveengine/artifact/SelectedArtifactSet;+1
j  org.gradle.api.internal.artifacts.configurations.DefaultConfiguration$ConfigurationArtifactCollection.ensureResolved()V+20
j  org.gradle.api.internal.artifacts.configurations.DefaultConfiguration$ConfigurationArtifactCollection.getArtifacts()Ljava/util/Set;+1
j  org.gradle.composite.internal.CompositeBuildClassPathInitializer.execute(Lorg/gradle/api/artifacts/Configuration;)V+15
j  org.gradle.composite.internal.CompositeBuildClassPathInitializer.execute(Ljava/lang/Object;)V+5
j  org.gradle.api.internal.initialization.DefaultScriptClassPathResolver.resolveClassPath(Lorg/gradle/api/artifacts/Configuration;)Lorg/gradle/internal/classpath/ClassPath;+39
j  org.gradle.api.internal.initialization.DefaultScriptHandler.getScriptClassPath()Lorg/gradle/internal/classpath/ClassPath;+8
j  org.gradle.plugin.use.internal.DefaultPluginRequestApplicator.defineScriptHandlerClassScope(Lorg/gradle/api/internal/initialization/ScriptHandlerInternal;Lorg/gradle/api/internal/initialization/ClassLoaderScope;Ljava/lang/Iterable;)V+1
j  org.gradle.plugin.use.internal.DefaultPluginRequestApplicator.applyPlugins(Lorg/gradle/plugin/management/internal/PluginRequests;Lorg/gradle/api/internal/initialization/ScriptHandlerInternal;Lorg/gradle/api/internal/plugins/PluginManagerInternal;Lorg/gradle/api/internal/initialization/ClassLoaderScope;)V+20
j  org.gradle.configuration.DefaultScriptPluginFactory$ScriptPluginImpl.apply(Ljava/lang/Object;)V+456
j  org.gradle.configuration.BuildOperationScriptPlugin$1$1.run(Lorg/gradle/internal/operations/BuildOperationContext;)V+17
j  org.gradle.internal.operations.DefaultBuildOperationExecutor$RunnableBuildOperationWorker.execute(Lorg/gradle/internal/operations/RunnableBuildOperation;Lorg/gradle/internal/operations/BuildOperationContext;)V+2
j  org.gradle.internal.operations.DefaultBuildOperationExecutor$RunnableBuildOperationWorker.execute(Lorg/gradle/internal/operations/BuildOperation;Lorg/gradle/internal/operations/BuildOperationContext;)V+6
j  org.gradle.internal.operations.DefaultBuildOperationExecutor$1.execute(Lorg/gradle/internal/operations/BuildOperationDescriptor;Lorg/gradle/internal/operations/DefaultBuildOperationExecutor$DefaultBuildOperationContext;Lorg/gradle/internal/operations/DefaultBuildOperationExecutor$BuildOperationExecutionListener;)Lorg/gradle/internal/operations/BuildOperation;+18
j  org.gradle.internal.operations.DefaultBuildOperationExecutor.execute(Lorg/gradle/internal/operations/BuildOperationDescriptor$Builder;Lorg/gradle/internal/operations/DefaultBuildOperationExecutor$BuildOperationState;Lorg/gradle/internal/operations/DefaultBuildOperationExecutor$BuildOperationExecution;)Lorg/gradle/internal/operations/BuildOperation;+105
j  org.gradle.internal.operations.DefaultBuildOperationExecutor.execute(Lorg/gradle/internal/operations/BuildOperation;Lorg/gradle/internal/operations/BuildOperationWorker;Lorg/gradle/internal/operations/DefaultBuildOperationExecutor$BuildOperationState;)V+22
j  org.gradle.internal.operations.DefaultBuildOperationExecutor.run(Lorg/gradle/internal/operations/RunnableBuildOperation;)V+10
j  org.gradle.internal.operations.DelegatingBuildOperationExecutor.run(Lorg/gradle/internal/operations/RunnableBuildOperation;)V+5
j  org.gradle.configuration.BuildOperationScriptPlugin$1.execute(Lorg/gradle/configuration/internal/UserCodeApplicationId;)V+16
j  org.gradle.configuration.BuildOperationScriptPlugin$1.execute(Ljava/lang/Object;)V+5
j  org.gradle.configuration.internal.DefaultUserCodeApplicationContext.apply(Lorg/gradle/api/Action;)V+19
j  org.gradle.configuration.BuildOperationScriptPlugin.apply(Ljava/lang/Object;)V+54
j  org.gradle.configuration.project.BuildScriptProcessor$1.run()V+8
j  org.gradle.internal.Factories$1.create()Ljava/lang/Object;+4
j  org.gradle.api.internal.project.DefaultProjectStateRegistry$ProjectStateImpl.withMutableState(Lorg/gradle/internal/Factory;)Ljava/lang/Object;+59
j  org.gradle.api.internal.project.DefaultProjectStateRegistry$ProjectStateImpl.withMutableState(Ljava/lang/Runnable;)V+5
j  org.gradle.configuration.project.BuildScriptProcessor.execute(Lorg/gradle/api/internal/project/ProjectInternal;)V+88
j  org.gradle.configuration.project.BuildScriptProcessor.execute(Ljava/lang/Object;)V+5
j  org.gradle.configuration.project.ConfigureActionsProjectEvaluator.evaluate(Lorg/gradle/api/internal/project/ProjectInternal;Lorg/gradle/api/internal/project/ProjectStateInternal;)V+33
j  org.gradle.configuration.project.LifecycleProjectEvaluator$EvaluateProject$1.run()V+94
j  org.gradle.internal.Factories$1.create()Ljava/lang/Object;+4
j  org.gradle.internal.work.DefaultWorkerLeaseService.withLocks(Ljava/lang/Iterable;Lorg/gradle/internal/Factory;)Ljava/lang/Object;+26
j  org.gradle.internal.work.StopShieldingWorkerLeaseService.withLocks(Ljava/lang/Iterable;Lorg/gradle/internal/Factory;)Ljava/lang/Object;+6
j  org.gradle.api.internal.project.DefaultProjectStateRegistry$ProjectStateImpl.withProjectLock(Lorg/gradle/internal/resources/ResourceLock;Lorg/gradle/internal/Factory;)Ljava/lang/Object;+12
j  org.gradle.api.internal.project.DefaultProjectStateRegistry$ProjectStateImpl.withMutableState(Lorg/gradle/internal/Factory;)Ljava/lang/Object;+134
j  org.gradle.api.internal.project.DefaultProjectStateRegistry$ProjectStateImpl.withMutableState(Ljava/lang/Runnable;)V+5
j  org.gradle.configuration.project.LifecycleProjectEvaluator$EvaluateProject.run(Lorg/gradle/internal/operations/BuildOperationContext;)V+18
j  org.gradle.internal.operations.DefaultBuildOperationExecutor$RunnableBuildOperationWorker.execute(Lorg/gradle/internal/operations/RunnableBuildOperation;Lorg/gradle/internal/operations/BuildOperationContext;)V+2
j  org.gradle.internal.operations.DefaultBuildOperationExecutor$RunnableBuildOperationWorker.execute(Lorg/gradle/internal/operations/BuildOperation;Lorg/gradle/internal/operations/BuildOperationContext;)V+6
j  org.gradle.internal.operations.DefaultBuildOperationExecutor$1.execute(Lorg/gradle/internal/operations/BuildOperationDescriptor;Lorg/gradle/internal/operations/DefaultBuildOperationExecutor$DefaultBuildOperationContext;Lorg/gradle/internal/operations/DefaultBuildOperationExecutor$BuildOperationExecutionListener;)Lorg/gradle/internal/operations/BuildOperation;+18
j  org.gradle.internal.operations.DefaultBuildOperationExecutor.execute(Lorg/gradle/internal/operations/BuildOperationDescriptor$Builder;Lorg/gradle/internal/operations/DefaultBuildOperationExecutor$BuildOperationState;Lorg/gradle/internal/operations/DefaultBuildOperationExecutor$BuildOperationExecution;)Lorg/gradle/internal/operations/BuildOperation;+105
j  org.gradle.internal.operations.DefaultBuildOperationExecutor.execute(Lorg/gradle/internal/operations/BuildOperation;Lorg/gradle/internal/operations/BuildOperationWorker;Lorg/gradle/internal/operations/DefaultBuildOperationExecutor$BuildOperationState;)V+22
j  org.gradle.internal.operations.DefaultBuildOperationExecutor.run(Lorg/gradle/internal/operations/RunnableBuildOperation;)V+10
j  org.gradle.internal.operations.DelegatingBuildOperationExecutor.run(Lorg/gradle/internal/operations/RunnableBuildOperation;)V+5
j  org.gradle.configuration.project.LifecycleProjectEvaluator.evaluate(Lorg/gradle/api/internal/project/ProjectInternal;Lorg/gradle/api/internal/project/ProjectStateInternal;)V+22
j  org.gradle.api.internal.project.DefaultProject.evaluate()Lorg/gradle/api/internal/project/DefaultProject;+9
j  org.gradle.api.internal.project.DefaultProject.evaluate()Lorg/gradle/api/Project;+1
j  org.gradle.execution.TaskPathProjectEvaluator.configure(Lorg/gradle/api/internal/project/ProjectInternal;)V+21
j  org.gradle.execution.TaskPathProjectEvaluator.configureHierarchy(Lorg/gradle/api/internal/project/ProjectInternal;)V+2
j  org.gradle.configuration.DefaultProjectsPreparer.prepareProjects(Lorg/gradle/api/internal/GradleInternal;)V+79
j  org.gradle.configuration.BuildOperatingFiringProjectsPreparer$ConfigureBuild.run(Lorg/gradle/internal/operations/BuildOperationContext;)V+11
j  org.gradle.internal.operations.DefaultBuildOperationExecutor$RunnableBuildOperationWorker.execute(Lorg/gradle/internal/operations/RunnableBuildOperation;Lorg/gradle/internal/operations/BuildOperationContext;)V+2
j  org.gradle.internal.operations.DefaultBuildOperationExecutor$RunnableBuildOperationWorker.execute(Lorg/gradle/internal/operations/BuildOperation;Lorg/gradle/internal/operations/BuildOperationContext;)V+6
j  org.gradle.internal.operations.DefaultBuildOperationExecutor$1.execute(Lorg/gradle/internal/operations/BuildOperationDescriptor;Lorg/gradle/internal/operations/DefaultBuildOperationExecutor$DefaultBuildOperationContext;Lorg/gradle/internal/operations/DefaultBuildOperationExecutor$BuildOperationExecutionListener;)Lorg/gradle/internal/operations/BuildOperation;+18
j  org.gradle.internal.operations.DefaultBuildOperationExecutor.execute(Lorg/gradle/internal/operations/BuildOperationDescriptor$Builder;Lorg/gradle/internal/operations/DefaultBuildOperationExecutor$BuildOperationState;Lorg/gradle/internal/operations/DefaultBuildOperationExecutor$BuildOperationExecution;)Lorg/gradle/internal/operations/BuildOperation;+105
j  org.gradle.internal.operations.DefaultBuildOperationExecutor.execute(Lorg/gradle/internal/operations/BuildOperation;Lorg/gradle/internal/operations/BuildOperationWorker;Lorg/gradle/internal/operations/DefaultBuildOperationExecutor$BuildOperationState;)V+22
j  org.gradle.internal.operations.DefaultBuildOperationExecutor.run(Lorg/gradle/internal/operations/RunnableBuildOperation;)V+10
j  org.gradle.internal.operations.DelegatingBuildOperationExecutor.run(Lorg/gradle/internal/operations/RunnableBuildOperation;)V+5
j  org.gradle.configuration.BuildOperatingFiringProjectsPreparer.prepareProjects(Lorg/gradle/api/internal/GradleInternal;)V+13
j  org.gradle.initialization.DefaultGradleLauncher.prepareProjects()V+18
j  org.gradle.initialization.DefaultGradleLauncher.doClassicBuildStages(Lorg/gradle/initialization/DefaultGradleLauncher$Stage;)V+13
j  org.gradle.initialization.DefaultGradleLauncher.doBuildStages(Lorg/gradle/initialization/DefaultGradleLauncher$Stage;)V+45
j  org.gradle.initialization.DefaultGradleLauncher.executeTasks()Lorg/gradle/api/internal/GradleInternal;+4
j  org.gradle.internal.invocation.GradleBuildController$1.execute(Lorg/gradle/initialization/GradleLauncher;)V+1
j  org.gradle.internal.invocation.GradleBuildController$1.execute(Ljava/lang/Object;)V+5
j  org.gradle.internal.invocation.GradleBuildController$3.create()Lorg/gradle/api/internal/GradleInternal;+31
j  org.gradle.internal.invocation.GradleBuildController$3.create()Ljava/lang/Object;+1
j  org.gradle.internal.work.DefaultWorkerLeaseService.withLocks(Ljava/lang/Iterable;Lorg/gradle/internal/Factory;)Ljava/lang/Object;+26
j  org.gradle.internal.work.StopShieldingWorkerLeaseService.withLocks(Ljava/lang/Iterable;Lorg/gradle/internal/Factory;)Ljava/lang/Object;+6
j  org.gradle.internal.invocation.GradleBuildController.doBuild(Lorg/gradle/api/internal/GradleInternal$BuildType;Lorg/gradle/api/Action;)Lorg/gradle/api/internal/GradleInternal;+26
j  org.gradle.internal.invocation.GradleBuildController.run()Lorg/gradle/api/internal/GradleInternal;+12
j  org.gradle.tooling.internal.provider.runner.ClientProvidedPhasedActionRunner.run(Lorg/gradle/internal/invocation/BuildAction;Lorg/gradle/internal/invocation/BuildController;)Lorg/gradle/internal/invocation/BuildActionRunner$Result;+92
j  org.gradle.launcher.exec.ChainingBuildActionRunner.run(Lorg/gradle/internal/invocation/BuildAction;Lorg/gradle/internal/invocation/BuildController;)Lorg/gradle/internal/invocation/BuildActionRunner$Result;+34
j  org.gradle.launcher.exec.ChainingBuildActionRunner.run(Lorg/gradle/internal/invocation/BuildAction;Lorg/gradle/internal/invocation/BuildController;)Lorg/gradle/internal/invocation/BuildActionRunner$Result;+34
j  org.gradle.launcher.exec.BuildOutcomeReportingBuildActionRunner.run(Lorg/gradle/internal/invocation/BuildAction;Lorg/gradle/internal/invocation/BuildController;)Lorg/gradle/internal/invocation/BuildActionRunner$Result;+143
j  org.gradle.tooling.internal.provider.ValidatingBuildActionRunner.run(Lorg/gradle/internal/invocation/BuildAction;Lorg/gradle/internal/invocation/BuildController;)Lorg/gradle/internal/invocation/BuildActionRunner$Result;+6
j  org.gradle.launcher.exec.BuildCompletionNotifyingBuildActionRunner.run(Lorg/gradle/internal/invocation/BuildAction;Lorg/gradle/internal/invocation/BuildController;)Lorg/gradle/internal/invocation/BuildActionRunner$Result;+28
j  org.gradle.launcher.exec.RunAsBuildOperationBuildActionRunner$3.call(Lorg/gradle/internal/operations/BuildOperationContext;)Lorg/gradle/internal/invocation/BuildActionRunner$Result;+95
j  org.gradle.launcher.exec.RunAsBuildOperationBuildActionRunner$3.call(Lorg/gradle/internal/operations/BuildOperationContext;)Ljava/lang/Object;+2
j  org.gradle.internal.operations.DefaultBuildOperationExecutor$CallableBuildOperationWorker.execute(Lorg/gradle/internal/operations/CallableBuildOperation;Lorg/gradle/internal/operations/BuildOperationContext;)V+3
j  org.gradle.internal.operations.DefaultBuildOperationExecutor$CallableBuildOperationWorker.execute(Lorg/gradle/internal/operations/BuildOperation;Lorg/gradle/internal/operations/BuildOperationContext;)V+6
j  org.gradle.internal.operations.DefaultBuildOperationExecutor$1.execute(Lorg/gradle/internal/operations/BuildOperationDescriptor;Lorg/gradle/internal/operations/DefaultBuildOperationExecutor$DefaultBuildOperationContext;Lorg/gradle/internal/operations/DefaultBuildOperationExecutor$BuildOperationExecutionListener;)Lorg/gradle/internal/operations/BuildOperation;+18
j  org.gradle.internal.operations.DefaultBuildOperationExecutor.execute(Lorg/gradle/internal/operations/BuildOperationDescriptor$Builder;Lorg/gradle/internal/operations/DefaultBuildOperationExecutor$BuildOperationState;Lorg/gradle/internal/operations/DefaultBuildOperationExecutor$BuildOperationExecution;)Lorg/gradle/internal/operations/BuildOperation;+105
j  org.gradle.internal.operations.DefaultBuildOperationExecutor.execute(Lorg/gradle/internal/operations/BuildOperation;Lorg/gradle/internal/operations/BuildOperationWorker;Lorg/gradle/internal/operations/DefaultBuildOperationExecutor$BuildOperationState;)V+22
j  org.gradle.internal.operations.DefaultBuildOperationExecutor.call(Lorg/gradle/internal/operations/CallableBuildOperation;)Ljava/lang/Object;+16
j  org.gradle.internal.operations.DelegatingBuildOperationExecutor.call(Lorg/gradle/internal/operations/CallableBuildOperation;)Ljava/lang/Object;+5
j  org.gradle.launcher.exec.RunAsBuildOperationBuildActionRunner.run(Lorg/gradle/internal/invocation/BuildAction;Lorg/gradle/internal/invocation/BuildController;)Lorg/gradle/internal/invocation/BuildActionRunner$Result;+33
j  org.gradle.launcher.exec.InProcessBuildActionExecuter$1.transform(Lorg/gradle/internal/invocation/BuildController;)Lorg/gradle/launcher/exec/BuildActionResult;+12
j  org.gradle.launcher.exec.InProcessBuildActionExecuter$1.transform(Ljava/lang/Object;)Ljava/lang/Object;+5
j  org.gradle.composite.internal.DefaultRootBuildState.run(Lorg/gradle/api/Transformer;)Ljava/lang/Object;+35
j  org.gradle.launcher.exec.InProcessBuildActionExecuter.execute(Lorg/gradle/internal/invocation/BuildAction;Lorg/gradle/initialization/BuildRequestContext;Lorg/gradle/launcher/exec/BuildActionParameters;Lorg/gradle/internal/service/ServiceRegistry;)Lorg/gradle/launcher/exec/BuildActionResult;+82
j  org.gradle.launcher.exec.InProcessBuildActionExecuter.execute(Lorg/gradle/internal/invocation/BuildAction;Lorg/gradle/initialization/BuildRequestContext;Ljava/lang/Object;Lorg/gradle/internal/service/ServiceRegistry;)Lorg/gradle/launcher/exec/BuildActionResult;+9
j  org.gradle.launcher.exec.BuildTreeScopeBuildActionExecuter.execute(Lorg/gradle/internal/invocation/BuildAction;Lorg/gradle/initialization/BuildRequestContext;Lorg/gradle/launcher/exec/BuildActionParameters;Lorg/gradle/internal/service/ServiceRegistry;)Lorg/gradle/launcher/exec/BuildActionResult;+38
j  org.gradle.launcher.exec.BuildTreeScopeBuildActionExecuter.execute(Lorg/gradle/internal/invocation/BuildAction;Lorg/gradle/initialization/BuildRequestContext;Ljava/lang/Object;Lorg/gradle/internal/service/ServiceRegistry;)Lorg/gradle/launcher/exec/BuildActionResult;+9
j  org.gradle.tooling.internal.provider.ContinuousBuildActionExecuter.execute(Lorg/gradle/internal/invocation/BuildAction;Lorg/gradle/initialization/BuildRequestContext;Lorg/gradle/launcher/exec/BuildActionParameters;Lorg/gradle/internal/service/ServiceRegistry;)Lorg/gradle/launcher/exec/BuildActionResult;+58
j  org.gradle.tooling.internal.provider.ContinuousBuildActionExecuter.execute(Lorg/gradle/internal/invocation/BuildAction;Lorg/gradle/initialization/BuildRequestContext;Ljava/lang/Object;Lorg/gradle/internal/service/ServiceRegistry;)Lorg/gradle/launcher/exec/BuildActionResult;+9
j  org.gradle.tooling.internal.provider.SubscribableBuildActionExecuter.execute(Lorg/gradle/internal/invocation/BuildAction;Lorg/gradle/initialization/BuildRequestContext;Lorg/gradle/launcher/exec/BuildActionParameters;Lorg/gradle/internal/service/ServiceRegistry;)Lorg/gradle/launcher/exec/BuildActionResult;+45
j  org.gradle.tooling.internal.provider.SubscribableBuildActionExecuter.execute(Lorg/gradle/internal/invocation/BuildAction;Lorg/gradle/initialization/BuildRequestContext;Ljava/lang/Object;Lorg/gradle/internal/service/ServiceRegistry;)Lorg/gradle/launcher/exec/BuildActionResult;+9
j  org.gradle.tooling.internal.provider.SessionScopeBuildActionExecuter.execute(Lorg/gradle/internal/invocation/BuildAction;Lorg/gradle/initialization/BuildRequestContext;Lorg/gradle/launcher/exec/BuildActionParameters;Lorg/gradle/internal/service/ServiceRegistry;)Lorg/gradle/launcher/exec/BuildActionResult;+117
j  org.gradle.tooling.internal.provider.SessionScopeBuildActionExecuter.execute(Lorg/gradle/internal/invocation/BuildAction;Lorg/gradle/initialization/BuildRequestContext;Ljava/lang/Object;Lorg/gradle/internal/service/ServiceRegistry;)Lorg/gradle/launcher/exec/BuildActionResult;+9
j  org.gradle.tooling.internal.provider.GradleThreadBuildActionExecuter.execute(Lorg/gradle/internal/invocation/BuildAction;Lorg/gradle/initialization/BuildRequestContext;Lorg/gradle/launcher/exec/BuildActionParameters;Lorg/gradle/internal/service/ServiceRegistry;)Lorg/gradle/launcher/exec/BuildActionResult;+12
j  org.gradle.tooling.internal.provider.GradleThreadBuildActionExecuter.execute(Lorg/gradle/internal/invocation/BuildAction;Lorg/gradle/initialization/BuildRequestContext;Ljava/lang/Object;Lorg/gradle/internal/service/ServiceRegistry;)Lorg/gradle/launcher/exec/BuildActionResult;+9
j  org.gradle.tooling.internal.provider.ParallelismConfigurationBuildActionExecuter.execute(Lorg/gradle/internal/invocation/BuildAction;Lorg/gradle/initialization/BuildRequestContext;Lorg/gradle/launcher/exec/BuildActionParameters;Lorg/gradle/internal/service/ServiceRegistry;)Lorg/gradle/launcher/exec/BuildActionResult;+43
j  org.gradle.tooling.internal.provider.ParallelismConfigurationBuildActionExecuter.execute(Lorg/gradle/internal/invocation/BuildAction;Lorg/gradle/initialization/BuildRequestContext;Ljava/lang/Object;Lorg/gradle/internal/service/ServiceRegistry;)Lorg/gradle/launcher/exec/BuildActionResult;+9
j  org.gradle.tooling.internal.provider.StartParamsValidatingActionExecuter.execute(Lorg/gradle/internal/invocation/BuildAction;Lorg/gradle/initialization/BuildRequestContext;Lorg/gradle/launcher/exec/BuildActionParameters;Lorg/gradle/internal/service/ServiceRegistry;)Lorg/gradle/launcher/exec/BuildActionResult;+177
j  org.gradle.tooling.internal.provider.StartParamsValidatingActionExecuter.execute(Lorg/gradle/internal/invocation/BuildAction;Lorg/gradle/initialization/BuildRequestContext;Ljava/lang/Object;Lorg/gradle/internal/service/ServiceRegistry;)Lorg/gradle/launcher/exec/BuildActionResult;+9
j  org.gradle.tooling.internal.provider.SessionFailureReportingActionExecuter.execute(Lorg/gradle/internal/invocation/BuildAction;Lorg/gradle/initialization/BuildRequestContext;Lorg/gradle/launcher/exec/BuildActionParameters;Lorg/gradle/internal/service/ServiceRegistry;)Lorg/gradle/launcher/exec/BuildActionResult;+9
j  org.gradle.tooling.internal.provider.SessionFailureReportingActionExecuter.execute(Lorg/gradle/internal/invocation/BuildAction;Lorg/gradle/initialization/BuildRequestContext;Ljava/lang/Object;Lorg/gradle/internal/service/ServiceRegistry;)Lorg/gradle/launcher/exec/BuildActionResult;+9
j  org.gradle.tooling.internal.provider.SetupLoggingActionExecuter.execute(Lorg/gradle/internal/invocation/BuildAction;Lorg/gradle/initialization/BuildRequestContext;Lorg/gradle/launcher/exec/BuildActionParameters;Lorg/gradle/internal/service/ServiceRegistry;)Lorg/gradle/launcher/exec/BuildActionResult;+52
j  org.gradle.tooling.internal.provider.SetupLoggingActionExecuter.execute(Lorg/gradle/internal/invocation/BuildAction;Lorg/gradle/initialization/BuildRequestContext;Ljava/lang/Object;Lorg/gradle/internal/service/ServiceRegistry;)Lorg/gradle/launcher/exec/BuildActionResult;+9
j  org.gradle.launcher.daemon.server.exec.ExecuteBuild.doBuild(Lorg/gradle/launcher/daemon/server/api/DaemonCommandExecution;Lorg/gradle/launcher/daemon/protocol/Build;)V+118
j  org.gradle.launcher.daemon.server.exec.BuildCommandOnly.execute(Lorg/gradle/launcher/daemon/server/api/DaemonCommandExecution;)V+49
j  org.gradle.launcher.daemon.server.api.DaemonCommandExecution.proceed()Z+23
j  org.gradle.launcher.daemon.server.exec.WatchForDisconnection.execute(Lorg/gradle/launcher/daemon/server/api/DaemonCommandExecution;)V+19
j  org.gradle.launcher.daemon.server.api.DaemonCommandExecution.proceed()Z+23
j  org.gradle.launcher.daemon.server.exec.ResetDeprecationLogger.execute(Lorg/gradle/launcher/daemon/server/api/DaemonCommandExecution;)V+4
j  org.gradle.launcher.daemon.server.api.DaemonCommandExecution.proceed()Z+23
j  org.gradle.launcher.daemon.server.exec.RequestStopIfSingleUsedDaemon.execute(Lorg/gradle/launcher/daemon/server/api/DaemonCommandExecution;)V+33
j  org.gradle.launcher.daemon.server.api.DaemonCommandExecution.proceed()Z+23
j  org.gradle.launcher.daemon.server.exec.ForwardClientInput$2.create()Ljava/lang/Void;+4
j  org.gradle.launcher.daemon.server.exec.ForwardClientInput$2.create()Ljava/lang/Object;+1
j  org.gradle.util.Swapper.swap(Ljava/lang/Object;Lorg/gradle/internal/Factory;)Ljava/lang/Object;+21
j  org.gradle.launcher.daemon.server.exec.ForwardClientInput.execute(Lorg/gradle/launcher/daemon/server/api/DaemonCommandExecution;)V+63
j  org.gradle.launcher.daemon.server.api.DaemonCommandExecution.proceed()Z+23
j  org.gradle.launcher.daemon.server.exec.LogAndCheckHealth.execute(Lorg/gradle/launcher/daemon/server/api/DaemonCommandExecution;)V+28
j  org.gradle.launcher.daemon.server.api.DaemonCommandExecution.proceed()Z+23
j  org.gradle.launcher.daemon.server.exec.LogToClient.doBuild(Lorg/gradle/launcher/daemon/server/api/DaemonCommandExecution;Lorg/gradle/launcher/daemon/protocol/Build;)V+87
j  org.gradle.launcher.daemon.server.exec.BuildCommandOnly.execute(Lorg/gradle/launcher/daemon/server/api/DaemonCommandExecution;)V+49
j  org.gradle.launcher.daemon.server.api.DaemonCommandExecution.proceed()Z+23
j  org.gradle.launcher.daemon.server.exec.EstablishBuildEnvironment.doBuild(Lorg/gradle/launcher/daemon/server/api/DaemonCommandExecution;Lorg/gradle/launcher/daemon/protocol/Build;)V+351
j  org.gradle.launcher.daemon.server.exec.BuildCommandOnly.execute(Lorg/gradle/launcher/daemon/server/api/DaemonCommandExecution;)V+49
j  org.gradle.launcher.daemon.server.api.DaemonCommandExecution.proceed()Z+23
j  org.gradle.launcher.daemon.server.exec.StartBuildOrRespondWithBusy$1.run()V+44
j  org.gradle.launcher.daemon.server.DaemonStateCoordinator$1.run()V+4
j  org.gradle.internal.concurrent.ExecutorPolicy$CatchAndRecordFailures.onExecute(Ljava/lang/Runnable;)V+1
j  org.gradle.internal.concurrent.ManagedExecutorImpl$1.run()V+25
j  java.util.concurrent.ThreadPoolExecutor.runWorker(Ljava/util/concurrent/ThreadPoolExecutor$Worker;)V+95
j  java.util.concurrent.ThreadPoolExecutor$Worker.run()V+5
j  org.gradle.internal.concurrent.ThreadFactoryImpl$ManagedThreadRunnable.run()V+7
j  java.lang.Thread.run()V+11
v  ~StubRoutines::call_stub

---------------  P R O C E S S  ---------------

Java Threads: ( => current thread )
  0x0000000019c56000 JavaThread "Cache worker for execution history cache (C:\Users\Excel2\.gradle\caches\5.6.4\executionHistory)" [_thread_blocked, id=1464, stack(0x0000000021120000,0x0000000021220000)]
  0x0000000019c54000 JavaThread "Cache worker for cache directory md-rule (C:\Users\Excel2\.gradle\caches\5.6.4\md-rule)" [_thread_blocked, id=208, stack(0x0000000020e20000,0x0000000020f20000)]
  0x0000000019c54800 JavaThread "Cache worker for cache directory md-supplier (C:\Users\Excel2\.gradle\caches\5.6.4\md-supplier)" [_thread_blocked, id=908, stack(0x000000001e3f0000,0x000000001e4f0000)]
  0x0000000019c58800 JavaThread "Cache worker for file hash cache (D:\sam\Medico-Stockist\.gradle\5.6.4\fileHashes)" [_thread_blocked, id=4064, stack(0x000000001e0f0000,0x000000001e1f0000)]
  0x0000000019c55800 JavaThread "Cache worker for journal cache (C:\Users\Excel2\.gradle\caches\journal-1)" [_thread_blocked, id=8944, stack(0x000000001be50000,0x000000001bf50000)]
  0x0000000019c57000 JavaThread "File lock request listener" [_thread_in_native, id=12640, stack(0x000000001bd50000,0x000000001be50000)]
  0x0000000019b99800 JavaThread "Cache worker for file hash cache (C:\Users\Excel2\.gradle\caches\5.6.4\fileHashes)" [_thread_blocked, id=940, stack(0x000000001bc50000,0x000000001bd50000)]
  0x0000000019b6e000 JavaThread "Thread-9" [_thread_blocked, id=4736, stack(0x000000001b950000,0x000000001ba50000)]
  0x0000000019b6d000 JavaThread "Stdin handler" [_thread_blocked, id=9800, stack(0x000000001b850000,0x000000001b950000)]
  0x0000000019be7800 JavaThread "Asynchronous log dispatcher for DefaultDaemonConnection: socket connection from /127.0.0.1:63086 to /127.0.0.1:63087" [_thread_blocked, id=13920, stack(0x000000001b750000,0x000000001b850000)]
=>0x0000000019be5800 JavaThread "Daemon worker" [_thread_in_vm, id=5312, stack(0x000000001b650000,0x000000001b750000)]
  0x0000000019b69000 JavaThread "Cancel handler" [_thread_blocked, id=5116, stack(0x000000001b550000,0x000000001b650000)]
  0x00000000197e6800 JavaThread "Handler for socket connection from /127.0.0.1:63086 to /127.0.0.1:63087" [_thread_in_native, id=14712, stack(0x000000001b250000,0x000000001b350000)]
  0x00000000197e4000 JavaThread "Daemon" [_thread_blocked, id=7512, stack(0x000000001b150000,0x000000001b250000)]
  0x00000000197cc800 JavaThread "Daemon periodic checks" [_thread_blocked, id=7368, stack(0x000000001b050000,0x000000001b150000)]
  0x000000001979e000 JavaThread "Incoming local TCP Connector on port 63086" [_thread_in_native, id=11592, stack(0x000000001ae10000,0x000000001af10000)]
  0x0000000019761000 JavaThread "Daemon health stats" [_thread_blocked, id=7744, stack(0x0000000019800000,0x0000000019900000)]
  0x000000001611a800 JavaThread "Service Thread" daemon [_thread_blocked, id=14408, stack(0x0000000017e30000,0x0000000017f30000)]
  0x00000000160cf000 JavaThread "C1 CompilerThread2" daemon [_thread_blocked, id=7988, stack(0x0000000017930000,0x0000000017a30000)]
  0x00000000160c0000 JavaThread "C2 CompilerThread1" daemon [_thread_blocked, id=12156, stack(0x0000000017830000,0x0000000017930000)]
  0x00000000160bb000 JavaThread "C2 CompilerThread0" daemon [_thread_blocked, id=4436, stack(0x0000000017730000,0x0000000017830000)]
  0x00000000160b9800 JavaThread "Attach Listener" daemon [_thread_blocked, id=8780, stack(0x0000000017630000,0x0000000017730000)]
  0x00000000160b8000 JavaThread "Signal Dispatcher" daemon [_thread_blocked, id=7408, stack(0x0000000017530000,0x0000000017630000)]
  0x00000000026ab800 JavaThread "Finalizer" daemon [_thread_blocked, id=8540, stack(0x0000000017330000,0x0000000017430000)]
  0x00000000026a0800 JavaThread "Reference Handler" daemon [_thread_blocked, id=14108, stack(0x0000000017230000,0x0000000017330000)]
  0x000000000274d800 JavaThread "main" [_thread_blocked, id=10776, stack(0x0000000000c90000,0x0000000000d90000)]

Other Threads:
  0x0000000016087000 VMThread [stack: 0x0000000017130000,0x0000000017230000] [id=5256]
  0x000000001611c000 WatcherThread [stack: 0x0000000017f30000,0x0000000018030000] [id=5520]

VM state:not at safepoint (normal execution)

VM Mutex/Monitor currently owned by a thread: None

Heap:
 PSYoungGen      total 107520K, used 83373K [0x00000000e0000000, 0x00000000e8f00000, 0x0000000100000000)
  eden space 95232K, 87% used [0x00000000e0000000,0x00000000e516b788,0x00000000e5d00000)
  from space 12288K, 0% used [0x00000000e5d00000,0x00000000e5d00000,0x00000000e6900000)
  to   space 11776K, 0% used [0x00000000e8380000,0x00000000e8380000,0x00000000e8f00000)
 ParOldGen       total 97792K, used 14848K [0x00000000a0000000, 0x00000000a5f80000, 0x00000000e0000000)
  object space 97792K, 15% used [0x00000000a0000000,0x00000000a0e800d0,0x00000000a5f80000)
 Metaspace       used 40979K, capacity 41752K, committed 42112K, reserved 1085440K
  class space    used 5481K, capacity 5698K, committed 5760K, reserved 1048576K

Card table byte_map: [0x0000000011b10000,0x0000000011e20000] byte_map_base: 0x0000000011610000

Marking Bits: (ParMarkBitMap*) 0x00000000526c5aa0
 Begin Bits: [0x0000000012420000, 0x0000000013c20000)
 End Bits:   [0x0000000013c20000, 0x0000000015420000)

Polling page: 0x00000000003f0000

CodeCache: size=245760Kb used=12674Kb max_used=12682Kb free=233085Kb
 bounds [0x0000000002750000, 0x00000000033c0000, 0x0000000011750000]
 total_blobs=4070 nmethods=3309 adapters=673
 compilation: enabled

Compilation events (10 events):
Event: 8.292 Thread 0x00000000160cf000 3515   !   3       java.security.Provider$Service::newInstance (416 bytes)
Event: 8.293 Thread 0x00000000160c0000 3517 %     4       sun.security.provider.SHA::implCompress @ 364 (491 bytes)
Event: 8.295 Thread 0x00000000160cf000 nmethod 3515 0x00000000033ac790 code [0x00000000033acee0, 0x00000000033b1ea8]
Event: 8.295 Thread 0x00000000160cf000 3516   !   3       java.security.Provider$Service::getImplClass (186 bytes)
Event: 8.296 Thread 0x00000000160cf000 nmethod 3516 0x00000000033b8110 code [0x00000000033b8560, 0x00000000033bb008]
Event: 8.296 Thread 0x00000000160c0000 nmethod 3517% 0x00000000033bc710 code [0x00000000033bc860, 0x00000000033bcc38]
Event: 8.296 Thread 0x00000000160cf000 3518       3       java.lang.Thread::isInterrupted (6 bytes)
Event: 8.297 Thread 0x00000000160cf000 nmethod 3518 0x00000000033b7d90 code [0x00000000033b7f00, 0x00000000033b8088]
Event: 8.299 Thread 0x00000000160cf000 3519       3       com.esotericsoftware.kryo.io.Output::writeString (125 bytes)
Event: 8.300 Thread 0x00000000160cf000 nmethod 3519 0x00000000033b72d0 code [0x00000000033b74a0, 0x00000000033b7af8]

GC Heap History (10 events):
Event: 3.780 GC heap before
{Heap before GC invocations=7 (full 1):
 PSYoungGen      total 75776K, used 8245K [0x00000000e0000000, 0x00000000e5700000, 0x0000000100000000)
  eden space 65536K, 0% used [0x00000000e0000000,0x00000000e0000000,0x00000000e4000000)
  from space 10240K, 80% used [0x00000000e4b00000,0x00000000e530d5a0,0x00000000e5500000)
  to   space 11264K, 0% used [0x00000000e4000000,0x00000000e4000000,0x00000000e4b00000)
 ParOldGen       total 87552K, used 7434K [0x00000000a0000000, 0x00000000a5580000, 0x00000000e0000000)
  object space 87552K, 8% used [0x00000000a0000000,0x00000000a0742800,0x00000000a5580000)
 Metaspace       used 20673K, capacity 21180K, committed 21296K, reserved 1067008K
  class space    used 2963K, capacity 3168K, committed 3200K, reserved 1048576K
Event: 3.841 GC heap after
Heap after GC invocations=7 (full 1):
 PSYoungGen      total 75776K, used 0K [0x00000000e0000000, 0x00000000e5700000, 0x0000000100000000)
  eden space 65536K, 0% used [0x00000000e0000000,0x00000000e0000000,0x00000000e4000000)
  from space 10240K, 0% used [0x00000000e4b00000,0x00000000e4b00000,0x00000000e5500000)
  to   space 11264K, 0% used [0x00000000e4000000,0x00000000e4000000,0x00000000e4b00000)
 ParOldGen       total 63488K, used 8943K [0x00000000a0000000, 0x00000000a3e00000, 0x00000000e0000000)
  object space 63488K, 14% used [0x00000000a0000000,0x00000000a08bbca0,0x00000000a3e00000)
 Metaspace       used 20673K, capacity 21180K, committed 21296K, reserved 1067008K
  class space    used 2963K, capacity 3168K, committed 3200K, reserved 1048576K
}
Event: 4.634 GC heap before
{Heap before GC invocations=8 (full 1):
 PSYoungGen      total 75776K, used 65536K [0x00000000e0000000, 0x00000000e5700000, 0x0000000100000000)
  eden space 65536K, 100% used [0x00000000e0000000,0x00000000e4000000,0x00000000e4000000)
  from space 10240K, 0% used [0x00000000e4b00000,0x00000000e4b00000,0x00000000e5500000)
  to   space 11264K, 0% used [0x00000000e4000000,0x00000000e4000000,0x00000000e4b00000)
 ParOldGen       total 63488K, used 8943K [0x00000000a0000000, 0x00000000a3e00000, 0x00000000e0000000)
  object space 63488K, 14% used [0x00000000a0000000,0x00000000a08bbca0,0x00000000a3e00000)
 Metaspace       used 29820K, capacity 30418K, committed 30848K, reserved 1075200K
  class space    used 3954K, capacity 4147K, committed 4224K, reserved 1048576K
Event: 4.643 GC heap after
Heap after GC invocations=8 (full 1):
 PSYoungGen      total 76800K, used 9355K [0x00000000e0000000, 0x00000000e7580000, 0x0000000100000000)
  eden space 65536K, 0% used [0x00000000e0000000,0x00000000e0000000,0x00000000e4000000)
  from space 11264K, 83% used [0x00000000e4000000,0x00000000e4922df8,0x00000000e4b00000)
  to   space 11776K, 0% used [0x00000000e6a00000,0x00000000e6a00000,0x00000000e7580000)
 ParOldGen       total 63488K, used 8951K [0x00000000a0000000, 0x00000000a3e00000, 0x00000000e0000000)
  object space 63488K, 14% used [0x00000000a0000000,0x00000000a08bdca0,0x00000000a3e00000)
 Metaspace       used 29820K, capacity 30418K, committed 30848K, reserved 1075200K
  class space    used 3954K, capacity 4147K, committed 4224K, reserved 1048576K
}
Event: 5.369 GC heap before
{Heap before GC invocations=9 (full 1):
 PSYoungGen      total 76800K, used 74888K [0x00000000e0000000, 0x00000000e7580000, 0x0000000100000000)
  eden space 65536K, 99% used [0x00000000e0000000,0x00000000e3fff210,0x00000000e4000000)
  from space 11264K, 83% used [0x00000000e4000000,0x00000000e4922df8,0x00000000e4b00000)
  to   space 11776K, 0% used [0x00000000e6a00000,0x00000000e6a00000,0x00000000e7580000)
 ParOldGen       total 63488K, used 8951K [0x00000000a0000000, 0x00000000a3e00000, 0x00000000e0000000)
  object space 63488K, 14% used [0x00000000a0000000,0x00000000a08bdca0,0x00000000a3e00000)
 Metaspace       used 32892K, capacity 33490K, committed 33920K, reserved 1079296K
  class space    used 4452K, capacity 4653K, committed 4736K, reserved 1048576K
Event: 5.376 GC heap after
Heap after GC invocations=9 (full 1):
 PSYoungGen      total 106496K, used 8535K [0x00000000e0000000, 0x00000000e7500000, 0x0000000100000000)
  eden space 95232K, 0% used [0x00000000e0000000,0x00000000e0000000,0x00000000e5d00000)
  from space 11264K, 75% used [0x00000000e6a00000,0x00000000e7255c60,0x00000000e7500000)
  to   space 12288K, 0% used [0x00000000e5d00000,0x00000000e5d00000,0x00000000e6900000)
 ParOldGen       total 63488K, used 8959K [0x00000000a0000000, 0x00000000a3e00000, 0x00000000e0000000)
  object space 63488K, 14% used [0x00000000a0000000,0x00000000a08bfca0,0x00000000a3e00000)
 Metaspace       used 32892K, capacity 33490K, committed 33920K, reserved 1079296K
  class space    used 4452K, capacity 4653K, committed 4736K, reserved 1048576K
}
Event: 5.848 GC heap before
{Heap before GC invocations=10 (full 1):
 PSYoungGen      total 106496K, used 48410K [0x00000000e0000000, 0x00000000e7500000, 0x0000000100000000)
  eden space 95232K, 41% used [0x00000000e0000000,0x00000000e26f0d58,0x00000000e5d00000)
  from space 11264K, 75% used [0x00000000e6a00000,0x00000000e7255c60,0x00000000e7500000)
  to   space 12288K, 0% used [0x00000000e5d00000,0x00000000e5d00000,0x00000000e6900000)
 ParOldGen       total 63488K, used 8959K [0x00000000a0000000, 0x00000000a3e00000, 0x00000000e0000000)
  object space 63488K, 14% used [0x00000000a0000000,0x00000000a08bfca0,0x00000000a3e00000)
 Metaspace       used 34574K, capacity 35196K, committed 35456K, reserved 1079296K
  class space    used 4693K, capacity 4922K, committed 4992K, reserved 1048576K
Event: 5.858 GC heap after
Heap after GC invocations=10 (full 1):
 PSYoungGen      total 107520K, used 8288K [0x00000000e0000000, 0x00000000e8f00000, 0x0000000100000000)
  eden space 95232K, 0% used [0x00000000e0000000,0x00000000e0000000,0x00000000e5d00000)
  from space 12288K, 67% used [0x00000000e5d00000,0x00000000e6518170,0x00000000e6900000)
  to   space 11776K, 0% used [0x00000000e8380000,0x00000000e8380000,0x00000000e8f00000)
 ParOldGen       total 63488K, used 8967K [0x00000000a0000000, 0x00000000a3e00000, 0x00000000e0000000)
  object space 63488K, 14% used [0x00000000a0000000,0x00000000a08c1ca0,0x00000000a3e00000)
 Metaspace       used 34574K, capacity 35196K, committed 35456K, reserved 1079296K
  class space    used 4693K, capacity 4922K, committed 4992K, reserved 1048576K
}
Event: 5.858 GC heap before
{Heap before GC invocations=11 (full 2):
 PSYoungGen      total 107520K, used 8288K [0x00000000e0000000, 0x00000000e8f00000, 0x0000000100000000)
  eden space 95232K, 0% used [0x00000000e0000000,0x00000000e0000000,0x00000000e5d00000)
  from space 12288K, 67% used [0x00000000e5d00000,0x00000000e6518170,0x00000000e6900000)
  to   space 11776K, 0% used [0x00000000e8380000,0x00000000e8380000,0x00000000e8f00000)
 ParOldGen       total 63488K, used 8967K [0x00000000a0000000, 0x00000000a3e00000, 0x00000000e0000000)
  object space 63488K, 14% used [0x00000000a0000000,0x00000000a08c1ca0,0x00000000a3e00000)
 Metaspace       used 34574K, capacity 35196K, committed 35456K, reserved 1079296K
  class space    used 4693K, capacity 4922K, committed 4992K, reserved 1048576K
Event: 5.906 GC heap after
Heap after GC invocations=11 (full 2):
 PSYoungGen      total 107520K, used 0K [0x00000000e0000000, 0x00000000e8f00000, 0x0000000100000000)
  eden space 95232K, 0% used [0x00000000e0000000,0x00000000e0000000,0x00000000e5d00000)
  from space 12288K, 0% used [0x00000000e5d00000,0x00000000e5d00000,0x00000000e6900000)
  to   space 11776K, 0% used [0x00000000e8380000,0x00000000e8380000,0x00000000e8f00000)
 ParOldGen       total 97792K, used 14848K [0x00000000a0000000, 0x00000000a5f80000, 0x00000000e0000000)
  object space 97792K, 15% used [0x00000000a0000000,0x00000000a0e800d0,0x00000000a5f80000)
 Metaspace       used 34551K, capacity 35166K, committed 35456K, reserved 1079296K
  class space    used 4685K, capacity 4912K, committed 4992K, reserved 1048576K
}

Deoptimization events (10 events):
Event: 7.663 Thread 0x0000000019be5800 Uncommon trap: reason=unstable_if action=reinterpret pc=0x0000000002a39628 method=java.net.URI$Parser.scan(IILjava/lang/String;Ljava/lang/String;)I @ 23
Event: 7.688 Thread 0x0000000019be5800 Uncommon trap: reason=unstable_if action=reinterpret pc=0x0000000002905960 method=java.lang.CharacterDataLatin1.digit(II)I @ 82
Event: 7.688 Thread 0x0000000019be5800 Uncommon trap: reason=unstable_if action=reinterpret pc=0x00000000028b6e54 method=java.lang.CharacterDataLatin1.digit(II)I @ 82
Event: 7.833 Thread 0x0000000019be5800 Uncommon trap: reason=bimorphic action=maybe_recompile pc=0x0000000003155428 method=java.security.MessageDigest$Delegate.engineUpdate([BII)V @ 7
Event: 7.834 Thread 0x0000000019be5800 Uncommon trap: reason=bimorphic action=maybe_recompile pc=0x0000000003155428 method=java.security.MessageDigest$Delegate.engineUpdate([BII)V @ 7
Event: 7.846 Thread 0x0000000019be5800 Uncommon trap: reason=unstable_if action=reinterpret pc=0x0000000002c17d3c method=java.lang.CharacterDataLatin1.isWhitespace(I)Z @ 14
Event: 7.867 Thread 0x0000000019be5800 Uncommon trap: reason=bimorphic action=maybe_recompile pc=0x0000000003155428 method=java.security.MessageDigest$Delegate.engineUpdate([BII)V @ 7
Event: 7.868 Thread 0x0000000019be5800 Uncommon trap: reason=unstable_if action=reinterpret pc=0x00000000032d413c method=java.util.LinkedHashMap.get(Ljava/lang/Object;)Ljava/lang/Object; @ 20
Event: 7.871 Thread 0x0000000019be5800 Uncommon trap: reason=bimorphic action=maybe_recompile pc=0x0000000003155428 method=java.security.MessageDigest$Delegate.engineUpdate([BII)V @ 7
Event: 7.913 Thread 0x0000000019be5800 Uncommon trap: reason=unstable_if action=reinterpret pc=0x0000000002a04ab0 method=java.util.Arrays.equals([B[B)Z @ 12

Classes redefined (0 events):
No events

Internal exceptions (10 events):
Event: 6.931 Thread 0x0000000019be5800 Exception <a 'java/lang/ClassNotFoundException': java/util/AbstractCollectionBeanInfo> (0x00000000e1ba4480) thrown at [D:\src\AOSP-openjdk-cygwin\jdk8u\hotspot\src\share\vm\classfile\systemDictionary.cpp, line 210]
Event: 6.931 Thread 0x0000000019be5800 Exception <a 'java/lang/ClassNotFoundException': java/util/AbstractCollectionCustomizer> (0x00000000e1ba8be8) thrown at [D:\src\AOSP-openjdk-cygwin\jdk8u\hotspot\src\share\vm\classfile\systemDictionary.cpp, line 210]
Event: 6.932 Thread 0x0000000019be5800 Exception <a 'java/lang/ClassNotFoundException': org/gradle/api/internal/DefaultDomainObjectCollectionCustomizer> (0x00000000e1be7ff8) thrown at [D:\src\AOSP-openjdk-cygwin\jdk8u\hotspot\src\share\vm\classfile\systemDictionary.cpp, line 210]
Event: 6.934 Thread 0x0000000019be5800 Exception <a 'java/lang/ClassNotFoundException': org/gradle/api/internal/DefaultNamedDomainObjectCollectionCustomizer> (0x00000000e1c45d58) thrown at [D:\src\AOSP-openjdk-cygwin\jdk8u\hotspot\src\share\vm\classfile\systemDictionary.cpp, line 210]
Event: 6.936 Thread 0x0000000019be5800 Exception <a 'java/lang/ClassNotFoundException': org/gradle/api/internal/DefaultNamedDomainObjectListCustomizer> (0x00000000e1cb4008) thrown at [D:\src\AOSP-openjdk-cygwin\jdk8u\hotspot\src\share\vm\classfile\systemDictionary.cpp, line 210]
Event: 6.938 Thread 0x0000000019be5800 Exception <a 'java/lang/ClassNotFoundException': org/gradle/api/internal/artifacts/DefaultArtifactRepositoryContainerCustomizer> (0x00000000e1d29948) thrown at [D:\src\AOSP-openjdk-cygwin\jdk8u\hotspot\src\share\vm\classfile\systemDictionary.cpp, line 210
Event: 6.939 Thread 0x0000000019be5800 Exception <a 'java/lang/ClassNotFoundException': org/gradle/api/internal/artifacts/dsl/DefaultRepositoryHandlerCustomizer> (0x00000000e1d8f748) thrown at [D:\src\AOSP-openjdk-cygwin\jdk8u\hotspot\src\share\vm\classfile\systemDictionary.cpp, line 210]
Event: 6.940 Thread 0x0000000019be5800 Exception <a 'java/lang/ClassNotFoundException': org/gradle/api/internal/artifacts/dsl/DefaultRepositoryHandler_DecoratedCustomizer> (0x00000000e1e0b9d8) thrown at [D:\src\AOSP-openjdk-cygwin\jdk8u\hotspot\src\share\vm\classfile\systemDictionary.cpp, line
Event: 7.192 Thread 0x0000000019be5800 Implicit null exception at 0x0000000002973f97 to 0x000000000297439d
Event: 7.913 Thread 0x0000000019be5800 Implicit null exception at 0x0000000002a04958 to 0x0000000002a04a9d

Events (10 events):
Event: 8.292 loading class org/gradle/internal/resource/transfer/DefaultCacheAwareExternalResourceAccessor$3
Event: 8.292 loading class org/gradle/internal/resource/transfer/DefaultCacheAwareExternalResourceAccessor$3 done
Event: 8.293 loading class org/gradle/internal/resource/local/DefaultPathKeyFileStore$2
Event: 8.293 loading class org/gradle/internal/resource/local/DefaultPathKeyFileStore$2 done
Event: 8.298 loading class org/gradle/internal/resource/local/DefaultLocallyAvailableResource
Event: 8.298 loading class org/gradle/internal/resource/local/DefaultLocallyAvailableResource done
Event: 8.299 loading class org/gradle/internal/resource/local/AbstractLocallyAvailableResource
Event: 8.299 loading class org/gradle/internal/resource/local/AbstractLocallyAvailableResource done
Event: 8.299 loading class org/gradle/internal/resource/cached/DefaultCachedExternalResource
Event: 8.299 loading class org/gradle/internal/resource/cached/DefaultCachedExternalResource done


Dynamic libraries:
0x00007ff7e4290000 - 0x00007ff7e42c1000 	C:\Program Files\Android\Android Studio\jre\bin\java.exe
0x00007fff84480000 - 0x00007fff8466d000 	C:\WINDOWS\SYSTEM32\ntdll.dll
0x00007fff82150000 - 0x00007fff82203000 	C:\WINDOWS\System32\KERNEL32.DLL
0x00007fff80980000 - 0x00007fff80c13000 	C:\WINDOWS\System32\KERNELBASE.dll
0x00007fff81ee0000 - 0x00007fff81f83000 	C:\WINDOWS\System32\ADVAPI32.dll
0x00007fff81e40000 - 0x00007fff81ede000 	C:\WINDOWS\System32\msvcrt.dll
0x00007fff84300000 - 0x00007fff8439e000 	C:\WINDOWS\System32\sechost.dll
0x00007fff81d10000 - 0x00007fff81e32000 	C:\WINDOWS\System32\RPCRT4.dll
0x00007fff81860000 - 0x00007fff819f7000 	C:\WINDOWS\System32\USER32.dll
0x00007fff80590000 - 0x00007fff805b0000 	C:\WINDOWS\System32\win32u.dll
0x00007fff81a00000 - 0x00007fff81a29000 	C:\WINDOWS\System32\GDI32.dll
0x00007fff80730000 - 0x00007fff808c9000 	C:\WINDOWS\System32\gdi32full.dll
0x00007fff81600000 - 0x00007fff816a0000 	C:\WINDOWS\System32\msvcp_win.dll
0x00007fff805b0000 - 0x00007fff806aa000 	C:\WINDOWS\System32\ucrtbase.dll
0x00007fff6e270000 - 0x00007fff6e4e9000 	C:\WINDOWS\WinSxS\amd64_microsoft.windows.common-controls_6595b64144ccf1df_6.0.17763.1098_none_de762ed45346ee8a\COMCTL32.dll
0x00007fff83d50000 - 0x00007fff8407c000 	C:\WINDOWS\System32\combase.dll
0x00007fff806b0000 - 0x00007fff8072e000 	C:\WINDOWS\System32\bcryptPrimitives.dll
0x00007fff820a0000 - 0x00007fff820ce000 	C:\WINDOWS\System32\IMM32.DLL
0x0000000053e40000 - 0x0000000053f12000 	C:\Program Files\Android\Android Studio\jre\jre\bin\msvcr100.dll
0x0000000051f00000 - 0x0000000052741000 	C:\Program Files\Android\Android Studio\jre\jre\bin\server\jvm.dll
0x00007fff82690000 - 0x00007fff82698000 	C:\WINDOWS\System32\PSAPI.DLL
0x00007fff71470000 - 0x00007fff71479000 	C:\WINDOWS\SYSTEM32\WSOCK32.dll
0x00007fff84160000 - 0x00007fff841cd000 	C:\WINDOWS\System32\WS2_32.dll
0x00007fff7b580000 - 0x00007fff7b58a000 	C:\WINDOWS\SYSTEM32\VERSION.dll
0x00007fff7e660000 - 0x00007fff7e684000 	C:\WINDOWS\SYSTEM32\WINMM.dll
0x00007fff7e510000 - 0x00007fff7e53d000 	C:\WINDOWS\SYSTEM32\winmmbase.dll
0x00007fff80540000 - 0x00007fff8058a000 	C:\WINDOWS\System32\cfgmgr32.dll
0x00007fff7cdc0000 - 0x00007fff7cdcf000 	C:\Program Files\Android\Android Studio\jre\jre\bin\verify.dll
0x00007fff78e40000 - 0x00007fff78e69000 	C:\Program Files\Android\Android Studio\jre\jre\bin\java.dll
0x00007fff789a0000 - 0x00007fff789b6000 	C:\Program Files\Android\Android Studio\jre\jre\bin\zip.dll
0x00007fff82850000 - 0x00007fff83d44000 	C:\WINDOWS\System32\SHELL32.dll
0x00007fff81f90000 - 0x00007fff82038000 	C:\WINDOWS\System32\shcore.dll
0x00007fff80c20000 - 0x00007fff8136d000 	C:\WINDOWS\System32\windows.storage.dll
0x00007fff804f0000 - 0x00007fff80514000 	C:\WINDOWS\System32\profapi.dll
0x00007fff80470000 - 0x00007fff804cd000 	C:\WINDOWS\System32\powrprof.dll
0x00007fff81800000 - 0x00007fff81852000 	C:\WINDOWS\System32\shlwapi.dll
0x00007fff804d0000 - 0x00007fff804e1000 	C:\WINDOWS\System32\kernel.appcore.dll
0x00007fff81370000 - 0x00007fff81387000 	C:\WINDOWS\System32\cryptsp.dll
0x00007fff743d0000 - 0x00007fff743ea000 	C:\Program Files\Android\Android Studio\jre\jre\bin\net.dll
0x00007fff7fc80000 - 0x00007fff7fce7000 	C:\WINDOWS\system32\mswsock.dll
0x00007fff743b0000 - 0x00007fff743c1000 	C:\Program Files\Android\Android Studio\jre\jre\bin\nio.dll
0x00007fff6d7c0000 - 0x00007fff6d7e6000 	C:\Users\Excel2\.gradle\native\30\windows-amd64\native-platform.dll
0x00007fff7cc60000 - 0x00007fff7cc6d000 	C:\Program Files\Android\Android Studio\jre\jre\bin\management.dll
0x00007fff7f800000 - 0x00007fff7f833000 	C:\WINDOWS\system32\rsaenh.dll
0x00007fff81570000 - 0x00007fff81596000 	C:\WINDOWS\System32\bcrypt.dll
0x00007fff80370000 - 0x00007fff80398000 	C:\WINDOWS\SYSTEM32\USERENV.dll
0x00007fff7fe50000 - 0x00007fff7fe5c000 	C:\WINDOWS\SYSTEM32\CRYPTBASE.dll
0x00007fff7f9a0000 - 0x00007fff7f9dd000 	C:\WINDOWS\SYSTEM32\IPHLPAPI.DLL
0x00007fff81a30000 - 0x00007fff81a38000 	C:\WINDOWS\System32\NSI.dll
0x00007fff7a010000 - 0x00007fff7a026000 	C:\WINDOWS\SYSTEM32\dhcpcsvc6.DLL
0x00007fff79f20000 - 0x00007fff79f3c000 	C:\WINDOWS\SYSTEM32\dhcpcsvc.DLL
0x00007fff7f9e0000 - 0x00007fff7faa6000 	C:\WINDOWS\SYSTEM32\DNSAPI.dll
0x00007fff741d0000 - 0x00007fff741f4000 	C:\Program Files\Android\Android Studio\jre\jre\bin\sunec.dll
0x00007fff71580000 - 0x00007fff7158a000 	C:\Windows\System32\rasadhlp.dll
0x00007fff756c0000 - 0x00007fff75739000 	C:\WINDOWS\System32\fwpuclnt.dll
0x00007fff7c5e0000 - 0x00007fff7c5eb000 	C:\Program Files\Android\Android Studio\jre\jre\bin\sunmscapi.dll
0x00007fff81390000 - 0x00007fff8156c000 	C:\WINDOWS\System32\CRYPT32.dll
0x00007fff80520000 - 0x00007fff80532000 	C:\WINDOWS\System32\MSASN1.dll
0x00007fff79250000 - 0x00007fff7943d000 	C:\WINDOWS\SYSTEM32\dbghelp.dll

VM Arguments:
jvm_args: -Xmx1536m -Dfile.encoding=windows-1252 -Duser.country=IN -Duser.language=en -Duser.variant 
java_command: org.gradle.launcher.daemon.bootstrap.GradleDaemon 5.6.4
java_class_path (initial): C:\Users\Excel2\.gradle\wrapper\dists\gradle-5.6.4-all\ankdp27end7byghfw1q2sw75f\gradle-5.6.4\lib\gradle-launcher-5.6.4.jar
Launcher Type: SUN_STANDARD

Environment Variables:
PATH=C:\ProgramData\Oracle\Java\javapath;C:\WINDOWS\system32;C:\WINDOWS;C:\WINDOWS\System32\Wbem;C:\WINDOWS\System32\WindowsPowerShell\v1.0\;C:\WINDOWS\System32\OpenSSH\;C:\Program Files\TortoiseHg\;C:\Program Files (x86)\Microsoft SQL Server\Client SDK\ODBC\130\Tools\Binn\;C:\Program Files (x86)\Microsoft SQL Server\140\Tools\Binn\;C:\Program Files (x86)\Microsoft SQL Server\140\DTS\Binn\;C:\Program Files (x86)\Microsoft SQL Server\140\Tools\Binn\ManagementStudio\;C:\Program Files\Java\jdk1.8.0_144\bin;C:\Program Files\nodejs\;C:\Users\Excel2\AppData\Local\Microsoft\WindowsApps;C:\Users\Excel2\AppData\Local\Programs\Microsoft VS Code\bin;C:\Users\Excel2\AppData\Roaming\npm
USERNAME=ES_Admin
OS=Windows_NT
PROCESSOR_IDENTIFIER=Intel64 Family 6 Model 60 Stepping 3, GenuineIntel



---------------  S Y S T E M  ---------------

OS: Windows 10.0 , 64 bit Build 17763 (10.0.17763.475)

CPU:total 4 (initial active 4) (4 cores per cpu, 1 threads per core) family 6 model 60 stepping 3, cmov, cx8, fxsr, mmx, sse, sse2, sse3, ssse3, sse4.1, sse4.2, popcnt, avx, avx2, aes, clmul, erms, lzcnt, tsc, tscinvbit, bmi1, bmi2

Memory: 4k page, physical 8286652k(2945816k free), swap 14814964k(8786088k free)

vm_info: OpenJDK 64-Bit Server VM (25.152-b01) for windows-amd64 JRE (1.8.0_152-release-1343-b01), built by "builder" with MS VC++ 10.0 (VS2010)

time: Tue Oct 06 12:08:58 2020
elapsed time: 8 seconds (0d 0h 0m 8s)

